<?xml version="1.0" encoding="UTF-8"?>
<!-- Generated by org.testng.reporters.JUnitReportReporter -->
<testsuite hostname="DESKTOP-6PO312O" failures="0" tests="1" name="test1.Module1" time="55.353" errors="0" timestamp="2023-06-30T15:54:41 IST" skipped="0">
  <testcase classname="test1.Module1" name="testDB" time="55.353"/>
</testsuite> <!-- test1.Module1 -->
